TN:
SF:src/Staking.sol
DA:30,6
FN:30,StakingRewards.constructor
FNDA:6,StakingRewards.constructor
DA:31,6
DA:32,6
DA:33,6
DA:36,3
FN:36,StakingRewards.onlyOwner
FNDA:3,StakingRewards.onlyOwner
DA:37,3
BRDA:37,0,0,1
BRDA:37,0,1,2
DA:41,2
FN:41,StakingRewards.updateReward
FNDA:2,StakingRewards.updateReward
DA:42,2
DA:43,2
DA:45,2
BRDA:45,1,0,2
DA:46,2
DA:47,2
DA:53,0
FN:53,StakingRewards.lastTimeRewardApplicable
FNDA:0,StakingRewards.lastTimeRewardApplicable
DA:54,10
DA:57,0
FN:57,StakingRewards.rewardPerToken
FNDA:0,StakingRewards.rewardPerToken
DA:58,13
BRDA:58,2,0,11
DA:59,11
DA:62,2
DA:63,2
DA:64,2
DA:68,3
FN:68,StakingRewards.stake
FNDA:3,StakingRewards.stake
DA:69,3
BRDA:69,3,0,1
BRDA:69,3,1,2
DA:70,2
DA:71,2
DA:72,2
DA:75,2
FN:75,StakingRewards.withdraw
FNDA:2,StakingRewards.withdraw
DA:76,2
BRDA:76,4,0,1
BRDA:76,4,1,1
DA:77,1
DA:78,1
DA:79,1
DA:82,0
FN:82,StakingRewards.earned
FNDA:0,StakingRewards.earned
DA:83,5
DA:84,5
DA:89,0
FN:89,StakingRewards.getReward
FNDA:0,StakingRewards.getReward
DA:90,0
DA:91,0
BRDA:91,5,0,-
DA:92,0
DA:93,0
DA:97,3
FN:97,StakingRewards.setRewardsDuration
FNDA:3,StakingRewards.setRewardsDuration
DA:98,2
BRDA:98,6,0,1
BRDA:98,6,1,1
DA:99,1
DA:102,3
FN:102,StakingRewards.notifyRewardAmount
FNDA:3,StakingRewards.notifyRewardAmount
DA:105,3
BRDA:105,7,0,3
BRDA:105,7,1,-
DA:106,3
DA:108,0
DA:110,0
DA:113,3
BRDA:113,8,0,1
BRDA:113,8,1,2
DA:114,2
BRDA:114,9,0,1
BRDA:114,9,1,1
DA:119,1
DA:120,1
DA:123,10
FN:123,StakingRewards._min
FNDA:10,StakingRewards._min
DA:124,10
FNF:12
FNH:8
LF:52
LH:42
BRF:17
BRH:15
end_of_record
